2022-08-22 09:38:21.356 - Info	
Packing C:\PicklistProgressbarPCF\PicklistProgressbarPCFSln\obj\Debug\Metadata to bin\Debug\PicklistProgressbarPCFSln.zip and bin\Debug\PicklistProgressbarPCFSln_managed.zip

2022-08-22 09:38:21.371 - Info	Processing Component: Entities
2022-08-22 09:38:21.371 - Info	Processing Component: Roles
2022-08-22 09:38:21.371 - Info	Processing Component: Workflows
2022-08-22 09:38:21.371 - Info	Processing Component: FieldSecurityProfiles
2022-08-22 09:38:21.371 - Info	Processing Component: Templates
2022-08-22 09:38:21.387 - Info	Processing Component: EntityMaps
2022-08-22 09:38:21.387 - Info	Processing Component: EntityRelationships
2022-08-22 09:38:21.387 - Info	Processing Component: OrganizationSettings
2022-08-22 09:38:21.387 - Info	Processing Component: optionsets
2022-08-22 09:38:21.387 - Info	Processing Component: CustomControls
2022-08-22 09:38:21.403 - Info	 - PicklistProgressbarPCF.PicklistProgressbarPCF
2022-08-22 09:38:21.403 - Info	Processing Component: SolutionPluginAssemblies
2022-08-22 09:38:21.403 - Info	Processing Component: EntityDataProviders
2022-08-22 09:38:21.449 - Info	
Unmanaged Pack complete.

2022-08-22 09:38:21.449 - Info	Processing Component: Entities
2022-08-22 09:38:21.449 - Info	Processing Component: Roles
2022-08-22 09:38:21.449 - Info	Processing Component: Workflows
2022-08-22 09:38:21.449 - Info	Processing Component: FieldSecurityProfiles
2022-08-22 09:38:21.456 - Info	Processing Component: Templates
2022-08-22 09:38:21.456 - Info	Processing Component: EntityMaps
2022-08-22 09:38:21.456 - Info	Processing Component: EntityRelationships
2022-08-22 09:38:21.456 - Info	Processing Component: OrganizationSettings
2022-08-22 09:38:21.456 - Info	Processing Component: optionsets
2022-08-22 09:38:21.456 - Info	Processing Component: CustomControls
2022-08-22 09:38:21.456 - Info	 - PicklistProgressbarPCF.PicklistProgressbarPCF
2022-08-22 09:38:21.456 - Info	Processing Component: SolutionPluginAssemblies
2022-08-22 09:38:21.456 - Info	Processing Component: EntityDataProviders
2022-08-22 09:38:21.472 - Info	
Managed Pack complete.

2022-08-22 11:04:41.507 - Info	
Packing C:\PicklistProgressbarPCF\PicklistProgressbarPCFSln\obj\Debug\Metadata to bin\Debug\PicklistProgressbarPCFSln.zip and bin\Debug\PicklistProgressbarPCFSln_managed.zip

2022-08-22 11:04:41.523 - Info	Processing Component: Entities
2022-08-22 11:04:41.523 - Info	Processing Component: Roles
2022-08-22 11:04:41.523 - Info	Processing Component: Workflows
2022-08-22 11:04:41.523 - Info	Processing Component: FieldSecurityProfiles
2022-08-22 11:04:41.523 - Info	Processing Component: Templates
2022-08-22 11:04:41.539 - Info	Processing Component: EntityMaps
2022-08-22 11:04:41.539 - Info	Processing Component: EntityRelationships
2022-08-22 11:04:41.539 - Info	Processing Component: OrganizationSettings
2022-08-22 11:04:41.539 - Info	Processing Component: optionsets
2022-08-22 11:04:41.539 - Info	Processing Component: CustomControls
2022-08-22 11:04:41.556 - Info	 - PicklistProgressbarPCF.PicklistProgressbarPCF
2022-08-22 11:04:41.556 - Info	Processing Component: SolutionPluginAssemblies
2022-08-22 11:04:41.556 - Info	Processing Component: EntityDataProviders
2022-08-22 11:04:41.634 - Info	
Unmanaged Pack complete.

2022-08-22 11:04:41.634 - Info	Processing Component: Entities
2022-08-22 11:04:41.634 - Info	Processing Component: Roles
2022-08-22 11:04:41.634 - Info	Processing Component: Workflows
2022-08-22 11:04:41.634 - Info	Processing Component: FieldSecurityProfiles
2022-08-22 11:04:41.634 - Info	Processing Component: Templates
2022-08-22 11:04:41.634 - Info	Processing Component: EntityMaps
2022-08-22 11:04:41.634 - Info	Processing Component: EntityRelationships
2022-08-22 11:04:41.649 - Info	Processing Component: OrganizationSettings
2022-08-22 11:04:41.649 - Info	Processing Component: optionsets
2022-08-22 11:04:41.649 - Info	Processing Component: CustomControls
2022-08-22 11:04:41.656 - Info	 - PicklistProgressbarPCF.PicklistProgressbarPCF
2022-08-22 11:04:41.656 - Info	Processing Component: SolutionPluginAssemblies
2022-08-22 11:04:41.656 - Info	Processing Component: EntityDataProviders
2022-08-22 11:04:41.703 - Info	
Managed Pack complete.

2022-08-22 15:18:34.790 - Info	
Packing C:\PicklistProgressbarPCF\PicklistProgressbarPCFSln\obj\Debug\Metadata to bin\Debug\PicklistProgressbarPCFSln.zip and bin\Debug\PicklistProgressbarPCFSln_managed.zip

2022-08-22 15:18:34.806 - Info	Processing Component: Entities
2022-08-22 15:18:34.806 - Info	Processing Component: Roles
2022-08-22 15:18:34.806 - Info	Processing Component: Workflows
2022-08-22 15:18:34.806 - Info	Processing Component: FieldSecurityProfiles
2022-08-22 15:18:34.806 - Info	Processing Component: Templates
2022-08-22 15:18:34.806 - Info	Processing Component: EntityMaps
2022-08-22 15:18:34.806 - Info	Processing Component: EntityRelationships
2022-08-22 15:18:34.821 - Info	Processing Component: OrganizationSettings
2022-08-22 15:18:34.821 - Info	Processing Component: optionsets
2022-08-22 15:18:34.821 - Info	Processing Component: CustomControls
2022-08-22 15:18:34.837 - Info	 - PicklistProgressbarPCF.PicklistProgressbarPCF
2022-08-22 15:18:34.837 - Info	Processing Component: SolutionPluginAssemblies
2022-08-22 15:18:34.837 - Info	Processing Component: EntityDataProviders
2022-08-22 15:18:34.925 - Info	
Unmanaged Pack complete.

2022-08-22 15:18:34.925 - Info	Processing Component: Entities
2022-08-22 15:18:34.925 - Info	Processing Component: Roles
2022-08-22 15:18:34.925 - Info	Processing Component: Workflows
2022-08-22 15:18:34.925 - Info	Processing Component: FieldSecurityProfiles
2022-08-22 15:18:34.925 - Info	Processing Component: Templates
2022-08-22 15:18:34.925 - Info	Processing Component: EntityMaps
2022-08-22 15:18:34.941 - Info	Processing Component: EntityRelationships
2022-08-22 15:18:34.941 - Info	Processing Component: OrganizationSettings
2022-08-22 15:18:34.941 - Info	Processing Component: optionsets
2022-08-22 15:18:34.941 - Info	Processing Component: CustomControls
2022-08-22 15:18:34.941 - Info	 - PicklistProgressbarPCF.PicklistProgressbarPCF
2022-08-22 15:18:34.941 - Info	Processing Component: SolutionPluginAssemblies
2022-08-22 15:18:34.941 - Info	Processing Component: EntityDataProviders
2022-08-22 15:18:35.014 - Info	
Managed Pack complete.

2022-08-22 15:53:07.298 - Info	
Packing C:\PicklistProgressbarPCF\PicklistProgressbarPCFSln\obj\Debug\Metadata to bin\Debug\PicklistProgressbarPCFSln.zip and bin\Debug\PicklistProgressbarPCFSln_managed.zip

2022-08-22 15:53:07.314 - Info	Processing Component: Entities
2022-08-22 15:53:07.314 - Info	Processing Component: Roles
2022-08-22 15:53:07.329 - Info	Processing Component: Workflows
2022-08-22 15:53:07.329 - Info	Processing Component: FieldSecurityProfiles
2022-08-22 15:53:07.329 - Info	Processing Component: Templates
2022-08-22 15:53:07.329 - Info	Processing Component: EntityMaps
2022-08-22 15:53:07.329 - Info	Processing Component: EntityRelationships
2022-08-22 15:53:07.329 - Info	Processing Component: OrganizationSettings
2022-08-22 15:53:07.329 - Info	Processing Component: optionsets
2022-08-22 15:53:07.345 - Info	Processing Component: CustomControls
2022-08-22 15:53:07.350 - Info	 - PicklistProgressbarPCF.PicklistProgressbarPCF
2022-08-22 15:53:07.350 - Info	Processing Component: SolutionPluginAssemblies
2022-08-22 15:53:07.367 - Info	Processing Component: EntityDataProviders
2022-08-22 15:53:07.430 - Info	
Unmanaged Pack complete.

2022-08-22 15:53:07.430 - Info	Processing Component: Entities
2022-08-22 15:53:07.430 - Info	Processing Component: Roles
2022-08-22 15:53:07.430 - Info	Processing Component: Workflows
2022-08-22 15:53:07.430 - Info	Processing Component: FieldSecurityProfiles
2022-08-22 15:53:07.445 - Info	Processing Component: Templates
2022-08-22 15:53:07.445 - Info	Processing Component: EntityMaps
2022-08-22 15:53:07.445 - Info	Processing Component: EntityRelationships
2022-08-22 15:53:07.445 - Info	Processing Component: OrganizationSettings
2022-08-22 15:53:07.445 - Info	Processing Component: optionsets
2022-08-22 15:53:07.445 - Info	Processing Component: CustomControls
2022-08-22 15:53:07.445 - Info	 - PicklistProgressbarPCF.PicklistProgressbarPCF
2022-08-22 15:53:07.445 - Info	Processing Component: SolutionPluginAssemblies
2022-08-22 15:53:07.445 - Info	Processing Component: EntityDataProviders
2022-08-22 15:53:07.514 - Info	
Managed Pack complete.

2022-08-22 15:54:16.896 - Info	
Packing C:\PicklistProgressbarPCF\PicklistProgressbarPCFSln\obj\Debug\Metadata to bin\Debug\PicklistProgressbarPCFSln.zip and bin\Debug\PicklistProgressbarPCFSln_managed.zip

2022-08-22 15:54:16.912 - Info	Processing Component: Entities
2022-08-22 15:54:16.912 - Info	Processing Component: Roles
2022-08-22 15:54:16.928 - Info	Processing Component: Workflows
2022-08-22 15:54:16.928 - Info	Processing Component: FieldSecurityProfiles
2022-08-22 15:54:16.928 - Info	Processing Component: Templates
2022-08-22 15:54:16.928 - Info	Processing Component: EntityMaps
2022-08-22 15:54:16.928 - Info	Processing Component: EntityRelationships
2022-08-22 15:54:16.943 - Info	Processing Component: OrganizationSettings
2022-08-22 15:54:16.943 - Info	Processing Component: optionsets
2022-08-22 15:54:16.943 - Info	Processing Component: CustomControls
2022-08-22 15:54:16.943 - Info	 - PicklistProgressbarPCF.PicklistProgressbarPCF
2022-08-22 15:54:16.959 - Info	Processing Component: SolutionPluginAssemblies
2022-08-22 15:54:16.959 - Info	Processing Component: EntityDataProviders
2022-08-22 15:54:17.023 - Info	
Unmanaged Pack complete.

2022-08-22 15:54:17.023 - Info	Processing Component: Entities
2022-08-22 15:54:17.023 - Info	Processing Component: Roles
2022-08-22 15:54:17.023 - Info	Processing Component: Workflows
2022-08-22 15:54:17.023 - Info	Processing Component: FieldSecurityProfiles
2022-08-22 15:54:17.039 - Info	Processing Component: Templates
2022-08-22 15:54:17.039 - Info	Processing Component: EntityMaps
2022-08-22 15:54:17.039 - Info	Processing Component: EntityRelationships
2022-08-22 15:54:17.039 - Info	Processing Component: OrganizationSettings
2022-08-22 15:54:17.039 - Info	Processing Component: optionsets
2022-08-22 15:54:17.039 - Info	Processing Component: CustomControls
2022-08-22 15:54:17.039 - Info	 - PicklistProgressbarPCF.PicklistProgressbarPCF
2022-08-22 15:54:17.039 - Info	Processing Component: SolutionPluginAssemblies
2022-08-22 15:54:17.039 - Info	Processing Component: EntityDataProviders
2022-08-22 15:54:17.092 - Info	
Managed Pack complete.

2022-08-22 16:05:58.084 - Info	
Packing C:\PicklistProgressbarPCF\PicklistProgressbarPCFSln\obj\Debug\Metadata to bin\Debug\PicklistProgressbarPCFSln.zip and bin\Debug\PicklistProgressbarPCFSln_managed.zip

2022-08-22 16:05:58.100 - Info	Processing Component: Entities
2022-08-22 16:05:58.115 - Info	Processing Component: Roles
2022-08-22 16:05:58.115 - Info	Processing Component: Workflows
2022-08-22 16:05:58.115 - Info	Processing Component: FieldSecurityProfiles
2022-08-22 16:05:58.115 - Info	Processing Component: Templates
2022-08-22 16:05:58.115 - Info	Processing Component: EntityMaps
2022-08-22 16:05:58.115 - Info	Processing Component: EntityRelationships
2022-08-22 16:05:58.131 - Info	Processing Component: OrganizationSettings
2022-08-22 16:05:58.131 - Info	Processing Component: optionsets
2022-08-22 16:05:58.131 - Info	Processing Component: CustomControls
2022-08-22 16:05:58.147 - Info	 - PicklistProgressbarPCF.PicklistProgressbarPCF
2022-08-22 16:05:58.147 - Info	Processing Component: SolutionPluginAssemblies
2022-08-22 16:05:58.147 - Info	Processing Component: EntityDataProviders
2022-08-22 16:05:58.216 - Info	
Unmanaged Pack complete.

2022-08-22 16:05:58.231 - Info	Processing Component: Entities
2022-08-22 16:05:58.231 - Info	Processing Component: Roles
2022-08-22 16:05:58.231 - Info	Processing Component: Workflows
2022-08-22 16:05:58.231 - Info	Processing Component: FieldSecurityProfiles
2022-08-22 16:05:58.231 - Info	Processing Component: Templates
2022-08-22 16:05:58.231 - Info	Processing Component: EntityMaps
2022-08-22 16:05:58.231 - Info	Processing Component: EntityRelationships
2022-08-22 16:05:58.231 - Info	Processing Component: OrganizationSettings
2022-08-22 16:05:58.231 - Info	Processing Component: optionsets
2022-08-22 16:05:58.231 - Info	Processing Component: CustomControls
2022-08-22 16:05:58.231 - Info	 - PicklistProgressbarPCF.PicklistProgressbarPCF
2022-08-22 16:05:58.231 - Info	Processing Component: SolutionPluginAssemblies
2022-08-22 16:05:58.247 - Info	Processing Component: EntityDataProviders
2022-08-22 16:05:58.303 - Info	
Managed Pack complete.

2022-08-22 16:16:20.611 - Info	
Packing C:\PicklistProgressbarPCF\PicklistProgressbarPCFSln\obj\Debug\Metadata to bin\Debug\PicklistProgressbarPCFSln.zip and bin\Debug\PicklistProgressbarPCFSln_managed.zip

2022-08-22 16:16:20.626 - Info	Processing Component: Entities
2022-08-22 16:16:20.626 - Info	Processing Component: Roles
2022-08-22 16:16:20.626 - Info	Processing Component: Workflows
2022-08-22 16:16:20.626 - Info	Processing Component: FieldSecurityProfiles
2022-08-22 16:16:20.626 - Info	Processing Component: Templates
2022-08-22 16:16:20.626 - Info	Processing Component: EntityMaps
2022-08-22 16:16:20.626 - Info	Processing Component: EntityRelationships
2022-08-22 16:16:20.642 - Info	Processing Component: OrganizationSettings
2022-08-22 16:16:20.642 - Info	Processing Component: optionsets
2022-08-22 16:16:20.642 - Info	Processing Component: CustomControls
2022-08-22 16:16:20.658 - Info	 - PicklistProgressbarPCF.PicklistProgressbarPCF
2022-08-22 16:16:20.658 - Info	Processing Component: SolutionPluginAssemblies
2022-08-22 16:16:20.658 - Info	Processing Component: EntityDataProviders
2022-08-22 16:16:20.727 - Info	
Unmanaged Pack complete.

2022-08-22 16:16:20.742 - Info	Processing Component: Entities
2022-08-22 16:16:20.742 - Info	Processing Component: Roles
2022-08-22 16:16:20.742 - Info	Processing Component: Workflows
2022-08-22 16:16:20.742 - Info	Processing Component: FieldSecurityProfiles
2022-08-22 16:16:20.742 - Info	Processing Component: Templates
2022-08-22 16:16:20.742 - Info	Processing Component: EntityMaps
2022-08-22 16:16:20.742 - Info	Processing Component: EntityRelationships
2022-08-22 16:16:20.742 - Info	Processing Component: OrganizationSettings
2022-08-22 16:16:20.742 - Info	Processing Component: optionsets
2022-08-22 16:16:20.742 - Info	Processing Component: CustomControls
2022-08-22 16:16:20.742 - Info	 - PicklistProgressbarPCF.PicklistProgressbarPCF
2022-08-22 16:16:20.742 - Info	Processing Component: SolutionPluginAssemblies
2022-08-22 16:16:20.742 - Info	Processing Component: EntityDataProviders
2022-08-22 16:16:20.811 - Info	
Managed Pack complete.

2022-08-22 16:16:38.994 - Info	
Packing C:\PicklistProgressbarPCF\PicklistProgressbarPCFSln\obj\Debug\Metadata to bin\Debug\PicklistProgressbarPCFSln.zip and bin\Debug\PicklistProgressbarPCFSln_managed.zip

2022-08-22 16:16:38.994 - Info	Processing Component: Entities
2022-08-22 16:16:39.012 - Info	Processing Component: Roles
2022-08-22 16:16:39.012 - Info	Processing Component: Workflows
2022-08-22 16:16:39.012 - Info	Processing Component: FieldSecurityProfiles
2022-08-22 16:16:39.012 - Info	Processing Component: Templates
2022-08-22 16:16:39.028 - Info	Processing Component: EntityMaps
2022-08-22 16:16:39.028 - Info	Processing Component: EntityRelationships
2022-08-22 16:16:39.028 - Info	Processing Component: OrganizationSettings
2022-08-22 16:16:39.028 - Info	Processing Component: optionsets
2022-08-22 16:16:39.043 - Info	Processing Component: CustomControls
2022-08-22 16:16:39.043 - Info	 - PicklistProgressbarPCF.PicklistProgressbarPCF
2022-08-22 16:16:39.059 - Info	Processing Component: SolutionPluginAssemblies
2022-08-22 16:16:39.059 - Info	Processing Component: EntityDataProviders
2022-08-22 16:16:39.144 - Info	
Unmanaged Pack complete.

2022-08-22 16:16:39.144 - Info	Processing Component: Entities
2022-08-22 16:16:39.144 - Info	Processing Component: Roles
2022-08-22 16:16:39.144 - Info	Processing Component: Workflows
2022-08-22 16:16:39.159 - Info	Processing Component: FieldSecurityProfiles
2022-08-22 16:16:39.159 - Info	Processing Component: Templates
2022-08-22 16:16:39.159 - Info	Processing Component: EntityMaps
2022-08-22 16:16:39.159 - Info	Processing Component: EntityRelationships
2022-08-22 16:16:39.159 - Info	Processing Component: OrganizationSettings
2022-08-22 16:16:39.159 - Info	Processing Component: optionsets
2022-08-22 16:16:39.159 - Info	Processing Component: CustomControls
2022-08-22 16:16:39.159 - Info	 - PicklistProgressbarPCF.PicklistProgressbarPCF
2022-08-22 16:16:39.159 - Info	Processing Component: SolutionPluginAssemblies
2022-08-22 16:16:39.159 - Info	Processing Component: EntityDataProviders
2022-08-22 16:16:39.230 - Info	
Managed Pack complete.

2022-08-22 16:19:12.068 - Info	
Packing C:\PicklistProgressbarPCF\PicklistProgressbarPCFSln\obj\Debug\Metadata to bin\Debug\PicklistProgressbarPCFSln.zip and bin\Debug\PicklistProgressbarPCFSln_managed.zip

2022-08-22 16:19:12.088 - Info	Processing Component: Entities
2022-08-22 16:19:12.091 - Info	Processing Component: Roles
2022-08-22 16:19:12.096 - Info	Processing Component: Workflows
2022-08-22 16:19:12.097 - Info	Processing Component: FieldSecurityProfiles
2022-08-22 16:19:12.098 - Info	Processing Component: Templates
2022-08-22 16:19:12.101 - Info	Processing Component: EntityMaps
2022-08-22 16:19:12.102 - Info	Processing Component: EntityRelationships
2022-08-22 16:19:12.109 - Info	Processing Component: OrganizationSettings
2022-08-22 16:19:12.120 - Info	Processing Component: optionsets
2022-08-22 16:19:12.121 - Info	Processing Component: CustomControls
2022-08-22 16:19:12.132 - Info	 - PicklistProgressbarPCF.PicklistProgressbarPCF
2022-08-22 16:19:12.132 - Info	Processing Component: SolutionPluginAssemblies
2022-08-22 16:19:12.132 - Info	Processing Component: EntityDataProviders
2022-08-22 16:19:12.204 - Info	
Unmanaged Pack complete.

2022-08-22 16:19:12.204 - Info	Processing Component: Entities
2022-08-22 16:19:12.204 - Info	Processing Component: Roles
2022-08-22 16:19:12.204 - Info	Processing Component: Workflows
2022-08-22 16:19:12.204 - Info	Processing Component: FieldSecurityProfiles
2022-08-22 16:19:12.220 - Info	Processing Component: Templates
2022-08-22 16:19:12.220 - Info	Processing Component: EntityMaps
2022-08-22 16:19:12.220 - Info	Processing Component: EntityRelationships
2022-08-22 16:19:12.220 - Info	Processing Component: OrganizationSettings
2022-08-22 16:19:12.220 - Info	Processing Component: optionsets
2022-08-22 16:19:12.220 - Info	Processing Component: CustomControls
2022-08-22 16:19:12.220 - Info	 - PicklistProgressbarPCF.PicklistProgressbarPCF
2022-08-22 16:19:12.220 - Info	Processing Component: SolutionPluginAssemblies
2022-08-22 16:19:12.220 - Info	Processing Component: EntityDataProviders
2022-08-22 16:19:12.300 - Info	
Managed Pack complete.

2022-08-22 16:22:47.643 - Info	
Packing C:\PicklistProgressbarPCF\PicklistProgressbarPCFSln\obj\Debug\Metadata to bin\Debug\PicklistProgressbarPCFSln.zip and bin\Debug\PicklistProgressbarPCFSln_managed.zip

2022-08-22 16:22:47.658 - Info	Processing Component: Entities
2022-08-22 16:22:47.676 - Info	Processing Component: Roles
2022-08-22 16:22:47.676 - Info	Processing Component: Workflows
2022-08-22 16:22:47.676 - Info	Processing Component: FieldSecurityProfiles
2022-08-22 16:22:47.676 - Info	Processing Component: Templates
2022-08-22 16:22:47.676 - Info	Processing Component: EntityMaps
2022-08-22 16:22:47.676 - Info	Processing Component: EntityRelationships
2022-08-22 16:22:47.691 - Info	Processing Component: OrganizationSettings
2022-08-22 16:22:47.691 - Info	Processing Component: optionsets
2022-08-22 16:22:47.691 - Info	Processing Component: CustomControls
2022-08-22 16:22:47.711 - Info	 - PicklistProgressbarPCF.PicklistProgressbarPCF
2022-08-22 16:22:47.716 - Info	Processing Component: SolutionPluginAssemblies
2022-08-22 16:22:47.718 - Info	Processing Component: EntityDataProviders
2022-08-22 16:22:47.776 - Info	
Unmanaged Pack complete.

2022-08-22 16:22:47.776 - Info	Processing Component: Entities
2022-08-22 16:22:47.776 - Info	Processing Component: Roles
2022-08-22 16:22:47.776 - Info	Processing Component: Workflows
2022-08-22 16:22:47.791 - Info	Processing Component: FieldSecurityProfiles
2022-08-22 16:22:47.791 - Info	Processing Component: Templates
2022-08-22 16:22:47.791 - Info	Processing Component: EntityMaps
2022-08-22 16:22:47.791 - Info	Processing Component: EntityRelationships
2022-08-22 16:22:47.791 - Info	Processing Component: OrganizationSettings
2022-08-22 16:22:47.791 - Info	Processing Component: optionsets
2022-08-22 16:22:47.791 - Info	Processing Component: CustomControls
2022-08-22 16:22:47.791 - Info	 - PicklistProgressbarPCF.PicklistProgressbarPCF
2022-08-22 16:22:47.791 - Info	Processing Component: SolutionPluginAssemblies
2022-08-22 16:22:47.791 - Info	Processing Component: EntityDataProviders
2022-08-22 16:22:47.854 - Info	
Managed Pack complete.

